app/build/intermediates/manifest_merge_blame_file/debug/manifest-merger-blame-debug-report.txt
1<?xml version="1.0" encoding="utf-8"?>
2<manifest xmlns:android="http://schemas.android.com/apk/res/android"
3    package="kr.ac.inha.nsl.StressSensor"
4    android:versionCode="9"
5    android:versionName="2.5" >
6
7    <uses-sdk
8        android:minSdkVersion="23"
9        android:targetSdkVersion="29" />
10
11    <uses-permission android:name="android.permission.ACCESS_MOCK_LOCATION" />
11-->src\main\AndroidManifest.xml:31:5-33:60
11-->src\main\AndroidManifest.xml:32:9-63
12    <uses-permission android:name="android.permission.ACCESS_FINE_LOCATION" />
12-->src\main\AndroidManifest.xml:6:5-79
12-->src\main\AndroidManifest.xml:6:22-76
13    <uses-permission android:name="android.permission.ACCESS_COARSE_LOCATION" />
13-->src\main\AndroidManifest.xml:7:5-81
13-->src\main\AndroidManifest.xml:7:22-78
14    <uses-permission android:name="android.permission.ACCESS_BACKGROUND_LOCATION" />
14-->src\main\AndroidManifest.xml:8:5-85
14-->src\main\AndroidManifest.xml:8:22-82
15    <uses-permission android:name="android.permission.INTERNET" />
15-->src\main\AndroidManifest.xml:9:5-67
15-->src\main\AndroidManifest.xml:9:22-64
16    <uses-permission android:name="android.permission.WAKE_LOCK" />
16-->src\main\AndroidManifest.xml:10:5-68
16-->src\main\AndroidManifest.xml:10:22-65
17    <uses-permission android:name="android.permission.VIBRATE" />
17-->src\main\AndroidManifest.xml:11:5-66
17-->src\main\AndroidManifest.xml:11:22-63
18    <uses-permission android:name="android.permission.DISABLE_KEYGUARD" />
18-->src\main\AndroidManifest.xml:12:5-75
18-->src\main\AndroidManifest.xml:12:22-72
19    <uses-permission android:name="android.permission.ACCESS_WIFI_STATE" />
19-->src\main\AndroidManifest.xml:13:5-76
19-->src\main\AndroidManifest.xml:13:22-73
20    <uses-permission android:name="android.permission.ACCESS_NETWORK_STATE" />
20-->src\main\AndroidManifest.xml:14:5-79
20-->src\main\AndroidManifest.xml:14:22-76
21    <uses-permission android:name="android.permission.FOREGROUND_SERVICE" />
21-->src\main\AndroidManifest.xml:15:5-77
21-->src\main\AndroidManifest.xml:15:22-74
22    <uses-permission android:name="android.permission.BLUETOOTH" />
22-->src\main\AndroidManifest.xml:16:5-68
22-->src\main\AndroidManifest.xml:16:22-65
23    <uses-permission android:name="android.permission.BLUETOOTH_ADMIN" />
23-->src\main\AndroidManifest.xml:17:5-74
23-->src\main\AndroidManifest.xml:17:22-71
24    <uses-permission android:name="com.samsung.accessory.permission.ACCESSORY_FRAMEWORK" />
24-->src\main\AndroidManifest.xml:18:5-92
24-->src\main\AndroidManifest.xml:18:22-89
25    <uses-permission android:name="android.permission.WRITE_EXTERNAL_STORAGE" />
25-->src\main\AndroidManifest.xml:19:5-81
25-->src\main\AndroidManifest.xml:19:22-78
26    <uses-permission android:name="com.samsung.android.providers.context.permission.WRITE_USE_APP_FEATURE_SURVEY" />
26-->src\main\AndroidManifest.xml:20:5-117
26-->src\main\AndroidManifest.xml:20:22-114
27    <uses-permission android:name="com.samsung.wmanager.ENABLE_NOTIFICATION" />
27-->src\main\AndroidManifest.xml:21:5-80
27-->src\main\AndroidManifest.xml:21:22-77
28    <uses-permission android:name="com.samsung.WATCH_APP_TYPE.Companion" />
28-->src\main\AndroidManifest.xml:22:5-76
28-->src\main\AndroidManifest.xml:22:22-73
29    <uses-permission android:name="android.permission.READ_PHONE_STATE" />
29-->src\main\AndroidManifest.xml:23:5-75
29-->src\main\AndroidManifest.xml:23:22-72
30    <uses-permission android:name="android.permission.PROCESS_OUTGOING_CALLS" />
30-->src\main\AndroidManifest.xml:24:5-81
30-->src\main\AndroidManifest.xml:24:22-78
31    <uses-permission android:name="android.permission.RECEIVE_BOOT_COMPLETED" />
31-->src\main\AndroidManifest.xml:25:5-81
31-->src\main\AndroidManifest.xml:25:22-78
32    <uses-permission android:name="com.google.android.gms.permission.ACTIVITY_RECOGNITION" />
32-->src\main\AndroidManifest.xml:26:5-94
32-->src\main\AndroidManifest.xml:26:22-91
33    <uses-permission android:name="com.google.android.providers.gsf.permission.READ_GSERVICES" />
33-->src\main\AndroidManifest.xml:27:5-98
33-->src\main\AndroidManifest.xml:27:22-95
34    <uses-permission android:name="android.permission.PACKAGE_USAGE_STATS" />
34-->src\main\AndroidManifest.xml:28:5-30:47
34-->src\main\AndroidManifest.xml:29:9-62
35
36    <uses-feature android:name="android.hardware.sensor.stepdetector" />
36-->src\main\AndroidManifest.xml:35:5-73
36-->src\main\AndroidManifest.xml:35:19-70
37    <uses-feature android:name="android.hardware.sensor.stepcounter" />
37-->src\main\AndroidManifest.xml:36:5-72
37-->src\main\AndroidManifest.xml:36:19-69
38    <uses-feature
38-->src\main\AndroidManifest.xml:37:5-39:35
39        android:glEsVersion="0x00020000"
39-->src\main\AndroidManifest.xml:38:9-41
40        android:required="true" />
40-->src\main\AndroidManifest.xml:39:9-32
41
42    <uses-permission android:name="android.permission.RECORD_AUDIO" />
42-->src\main\AndroidManifest.xml:163:5-71
42-->src\main\AndroidManifest.xml:163:22-68
43
44    <application
44-->src\main\AndroidManifest.xml:41:5-161:19
45        android:allowBackup="false"
45-->src\main\AndroidManifest.xml:42:9-36
46        android:appComponentFactory="androidx.core.app.CoreComponentFactory"
46-->[androidx.core:core:1.1.0] AndroidManifest.xml:24:18-86
47        android:debuggable="true"
48        android:icon="@mipmap/ic_launcher"
48-->src\main\AndroidManifest.xml:43:9-43
49        android:label="@string/app_name"
49-->src\main\AndroidManifest.xml:44:9-41
50        android:networkSecurityConfig="@xml/network_security_config"
50-->src\main\AndroidManifest.xml:45:9-69
51        android:testOnly="true" >
52        <activity
52-->src\main\AndroidManifest.xml:49:9-51:47
53            android:name="kr.ac.inha.stress_sensor.old.ViewFilesActivity"
53-->src\main\AndroidManifest.xml:50:13-74
54            android:theme="@style/AppTheme" />
54-->src\main\AndroidManifest.xml:51:13-44
55        <activity
55-->src\main\AndroidManifest.xml:52:9-63:20
56            android:name="kr.ac.inha.stress_sensor.AuthenticationActivity"
56-->src\main\AndroidManifest.xml:53:13-75
57            android:label="@string/app_name"
57-->src\main\AndroidManifest.xml:54:13-45
58            android:launchMode="singleTask"
58-->src\main\AndroidManifest.xml:55:13-44
59            android:screenOrientation="portrait"
59-->src\main\AndroidManifest.xml:56:13-49
60            android:theme="@style/AppTheme" >
60-->src\main\AndroidManifest.xml:57:13-44
61            <intent-filter>
61-->src\main\AndroidManifest.xml:58:13-62:29
62                <action android:name="android.intent.action.MAIN" />
62-->src\main\AndroidManifest.xml:59:17-69
62-->src\main\AndroidManifest.xml:59:25-66
63
64                <category android:name="android.intent.category.LAUNCHER" />
64-->src\main\AndroidManifest.xml:61:17-77
64-->src\main\AndroidManifest.xml:61:27-74
65            </intent-filter>
66        </activity>
67        <activity
67-->src\main\AndroidManifest.xml:64:9-66:47
68            android:name="kr.ac.inha.stress_sensor.MainActivity"
68-->src\main\AndroidManifest.xml:65:13-65
69            android:theme="@style/AppTheme" />
69-->src\main\AndroidManifest.xml:66:13-44
70        <activity
70-->src\main\AndroidManifest.xml:67:9-69:47
71            android:name="kr.ac.inha.stress_sensor.EMAActivity"
71-->src\main\AndroidManifest.xml:68:13-64
72            android:theme="@style/AppTheme" />
72-->src\main\AndroidManifest.xml:69:13-44
73        <activity
73-->src\main\AndroidManifest.xml:70:9-72:47
74            android:name="kr.ac.inha.stress_sensor.LocationsSettingActivity"
74-->src\main\AndroidManifest.xml:71:13-77
75            android:theme="@style/AppTheme" />
75-->src\main\AndroidManifest.xml:72:13-44
76
77        <service android:name="kr.ac.inha.stress_sensor.services.CustomSensorsService" />
77-->src\main\AndroidManifest.xml:74:9-90
77-->src\main\AndroidManifest.xml:74:18-87
78        <service android:name="kr.ac.inha.stress_sensor.services.LocationService" />
78-->src\main\AndroidManifest.xml:75:9-85
78-->src\main\AndroidManifest.xml:75:18-82
79        <service android:name="kr.ac.inha.stress_sensor.services.SendGPSStats" />
79-->src\main\AndroidManifest.xml:76:9-82
79-->src\main\AndroidManifest.xml:76:18-79
80
81        <receiver android:name="kr.ac.inha.stress_sensor.receivers.GeofenceReceiver" />
81-->src\main\AndroidManifest.xml:78:9-88
81-->src\main\AndroidManifest.xml:78:19-85
82        <receiver android:name="kr.ac.inha.stress_sensor.receivers.ActivityRecognitionReceiver" />
82-->src\main\AndroidManifest.xml:79:9-99
82-->src\main\AndroidManifest.xml:79:19-96
83        <receiver android:name="kr.ac.inha.stress_sensor.receivers.ActivityTransitionsReceiver" />
83-->src\main\AndroidManifest.xml:80:9-99
83-->src\main\AndroidManifest.xml:80:19-96
84        <receiver android:name="kr.ac.inha.stress_sensor.receivers.ScreenAndUnlockReceiver" />
84-->src\main\AndroidManifest.xml:81:9-95
84-->src\main\AndroidManifest.xml:81:19-92
85        <receiver android:name="kr.ac.inha.stress_sensor.receivers.ConnectionReceiver" >
85-->src\main\AndroidManifest.xml:82:9-88:20
85-->src\main\AndroidManifest.xml:82:19-87
86            <intent-filter>
86-->src\main\AndroidManifest.xml:83:13-87:29
87                <action android:name="android.net.conn.CONNECTIVITY_CHANGE" />
87-->src\main\AndroidManifest.xml:84:17-86:50
87-->src\main\AndroidManifest.xml:85:21-72
88            </intent-filter>
89        </receiver>
90        <receiver
90-->src\main\AndroidManifest.xml:89:9-95:20
91            android:name="com.samsung.android.sdk.accessory.RegisterUponInstallReceiver"
91-->src\main\AndroidManifest.xml:90:13-89
92            android:permission="vuala" >
92-->src\main\AndroidManifest.xml:91:13-39
93            <intent-filter>
93-->src\main\AndroidManifest.xml:92:13-94:29
94                <action android:name="com.samsung.accessory.action.REGISTER_AGENT" />
94-->src\main\AndroidManifest.xml:93:17-86
94-->src\main\AndroidManifest.xml:93:25-83
95            </intent-filter>
96        </receiver>
97        <receiver
97-->src\main\AndroidManifest.xml:96:9-102:20
98            android:name="com.samsung.android.sdk.accessory.ServiceConnectionIndicationBroadcastReceiver"
98-->src\main\AndroidManifest.xml:97:13-106
99            android:permission="vuala" >
99-->src\main\AndroidManifest.xml:98:13-39
100            <intent-filter>
100-->src\main\AndroidManifest.xml:99:13-101:29
101                <action android:name="com.samsung.accessory.action.SERVICE_CONNECTION_REQUESTED" />
101-->src\main\AndroidManifest.xml:100:17-100
101-->src\main\AndroidManifest.xml:100:25-97
102            </intent-filter>
103        </receiver>
104        <receiver
104-->src\main\AndroidManifest.xml:103:9-112:20
105            android:name="kr.ac.inha.stress_sensor.receivers.CallReceiver"
105-->src\main\AndroidManifest.xml:104:13-75
106            android:enabled="true" >
106-->src\main\AndroidManifest.xml:105:13-35
107            <intent-filter>
107-->src\main\AndroidManifest.xml:106:13-108:29
108                <action android:name="android.intent.action.PHONE_STATE" />
108-->src\main\AndroidManifest.xml:107:17-76
108-->src\main\AndroidManifest.xml:107:25-73
109            </intent-filter>
110            <intent-filter>
110-->src\main\AndroidManifest.xml:109:13-111:29
111                <action android:name="android.intent.action.NEW_OUTGOING_CALL" />
111-->src\main\AndroidManifest.xml:110:17-82
111-->src\main\AndroidManifest.xml:110:25-79
112            </intent-filter>
113        </receiver>
114        <receiver
114-->src\main\AndroidManifest.xml:113:9-120:20
115            android:name="kr.ac.inha.stress_sensor.receivers.RebootReceiver"
115-->src\main\AndroidManifest.xml:114:13-77
116            android:enabled="true"
116-->src\main\AndroidManifest.xml:115:13-35
117            android:exported="false" >
117-->src\main\AndroidManifest.xml:116:13-37
118            <intent-filter>
118-->src\main\AndroidManifest.xml:117:13-119:29
119                <action android:name="android.intent.action.BOOT_COMPLETED" />
119-->src\main\AndroidManifest.xml:118:17-79
119-->src\main\AndroidManifest.xml:118:25-76
120            </intent-filter>
121        </receiver>
122
123        <meta-data
123-->src\main\AndroidManifest.xml:122:9-124:69
124            android:name="com.google.android.gms.version"
124-->src\main\AndroidManifest.xml:123:13-58
125            android:value="@integer/google_play_services_version" />
125-->src\main\AndroidManifest.xml:124:13-66
126        <meta-data
126-->src\main\AndroidManifest.xml:125:9-127:55
127            android:name="com.google.android.maps.v2.API_KEY"
127-->src\main\AndroidManifest.xml:126:13-62
128            android:value="@string/google_maps_key" />
128-->src\main\AndroidManifest.xml:127:13-52
129
130        <uses-library
130-->src\main\AndroidManifest.xml:129:9-131:40
131            android:name="org.apache.http.legacy"
131-->src\main\AndroidManifest.xml:130:13-50
132            android:required="false" />
132-->src\main\AndroidManifest.xml:131:13-37
133
134        <!--
135        <provider
136            android:name="android.support.v4.content.FileProvider"
137            android:authorities="com.samsung.android.sdk.accessory.example.filetransfer.receiver"
138            android:exported="false"
139            android:grantUriPermissions="true">
140            <meta-data
141                android:name="android.support.FILE_PROVIDER_PATHS"
142                android:resource="@xml/file_paths" />
143        </provider>
144
145        <meta-data
146            android:name="AccessoryServicesLocation"
147            android:value="/res/xml/accessoryservices.xml" />
148        <meta-data
149            android:name="GearAppType"
150            android:value="tpk" />
151
152        <receiver
153            android:name=".MainActivity$ConsumerServiceReceiver"
154            android:enabled="true"
155            android:exported="true"
156            android:permission="vuala" />
157
158        <receiver android:name="com.samsung.android.sdk.accessoryfiletransfer.SAFileTransferIncomingRequestReceiver">
159            <intent-filter>
160                <action android:name="com.samsung.accessory.ftconnection" />
161            </intent-filter>
162        </receiver>
163        -->
164        <activity
164-->[com.google.android.gms:play-services-base:16.0.1] AndroidManifest.xml:23:9-26:75
165            android:name="com.google.android.gms.common.api.GoogleApiActivity"
165-->[com.google.android.gms:play-services-base:16.0.1] AndroidManifest.xml:24:13-79
166            android:exported="false"
166-->[com.google.android.gms:play-services-base:16.0.1] AndroidManifest.xml:25:13-37
167            android:theme="@android:style/Theme.Translucent.NoTitleBar" />
167-->[com.google.android.gms:play-services-base:16.0.1] AndroidManifest.xml:26:13-72
168    </application>
169
170</manifest>